<?xml version="1.0" encoding="UTF-8"?>
<!-- Generated by org.testng.reporters.JUnitReportReporter -->
<testsuite hostname="DESKTOP-1779NPD" failures="0" tests="8" name="Web.testpage.SendkeysMethod" time="0.092" errors="1" timestamp="2023-08-10T15:37:14 IST" skipped="7">
  <testcase classname="Web.testpage.SendkeysMethod" name="OpenBrowser" time="0.092">
    <error message="The driver executable must exist: C:\Users\USER\eclipse-workspace\automation project\Bliss_Maven\.\webdrivers\chromedriver.exe" type="java.lang.IllegalStateException">
      <![CDATA[java.lang.IllegalStateException: The driver executable must exist: C:\Users\USER\eclipse-workspace\automation project\Bliss_Maven\.\webdrivers\chromedriver.exe
at org.openqa.selenium.internal.Require$FileStateChecker.isFile(Require.java:342)
at org.openqa.selenium.remote.service.DriverService.checkExecutable(DriverService.java:147)
at org.openqa.selenium.remote.service.DriverService.findExecutable(DriverService.java:142)
at org.openqa.selenium.chrome.ChromeDriverService.access$000(ChromeDriverService.java:39)
at org.openqa.selenium.chrome.ChromeDriverService$Builder.findDefaultExecutable(ChromeDriverService.java:233)
at org.openqa.selenium.remote.service.DriverService$Builder.build(DriverService.java:437)
at org.openqa.selenium.chrome.ChromeDriverService.createDefaultService(ChromeDriverService.java:128)
at org.openqa.selenium.chrome.ChromeDriver.<init>(ChromeDriver.java:49)
at Web.baceclass.baceclass.OpenWindow(baceclass.java:28)
at Web.testpage.SendkeysMethod.OpenBrowser(SendkeysMethod.java:70)
at java.base/jdk.internal.reflect.NativeMethodAccessorImpl.invoke0(Native Method)
at java.base/jdk.internal.reflect.NativeMethodAccessorImpl.invoke(NativeMethodAccessorImpl.java:77)
at java.base/jdk.internal.reflect.DelegatingMethodAccessorImpl.invoke(DelegatingMethodAccessorImpl.java:43)
at java.base/java.lang.reflect.Method.invoke(Method.java:568)
at org.testng.internal.MethodInvocationHelper.invokeMethod(MethodInvocationHelper.java:133)
at org.testng.internal.MethodInvocationHelper.invokeMethodConsideringTimeout(MethodInvocationHelper.java:62)
at org.testng.internal.ConfigInvoker.invokeConfigurationMethod(ConfigInvoker.java:385)
at org.testng.internal.ConfigInvoker.invokeConfigurations(ConfigInvoker.java:321)
at org.testng.internal.TestMethodWorker.invokeBeforeClassMethods(TestMethodWorker.java:176)
at org.testng.internal.TestMethodWorker.run(TestMethodWorker.java:122)
at java.base/java.util.ArrayList.forEach(ArrayList.java:1511)
at org.testng.TestRunner.privateRun(TestRunner.java:794)
at org.testng.TestRunner.run(TestRunner.java:596)
at org.testng.SuiteRunner.runTest(SuiteRunner.java:377)
at org.testng.SuiteRunner.runSequentially(SuiteRunner.java:371)
at org.testng.SuiteRunner.privateRun(SuiteRunner.java:332)
at org.testng.SuiteRunner.run(SuiteRunner.java:276)
at org.testng.SuiteRunnerWorker.runSuite(SuiteRunnerWorker.java:53)
at org.testng.SuiteRunnerWorker.run(SuiteRunnerWorker.java:96)
at org.testng.TestNG.runSuitesSequentially(TestNG.java:1212)
at org.testng.TestNG.runSuitesLocally(TestNG.java:1134)
at org.testng.TestNG.runSuites(TestNG.java:1063)
at org.testng.TestNG.run(TestNG.java:1031)
at org.testng.remote.AbstractRemoteTestNG.run(AbstractRemoteTestNG.java:115)
at org.testng.remote.RemoteTestNG.initAndRun(RemoteTestNG.java:251)
at org.testng.remote.RemoteTestNG.main(RemoteTestNG.java:77)
]]>
    </error>
  </testcase> <!-- OpenBrowser -->
  <system-out/>
  <testcase classname="Web.testpage.SendkeysMethod" name="Verify_Printer" time="0.000">
    <skipped/>
  </testcase> <!-- Verify_Printer -->
  <system-out/>
  <testcase classname="Web.testpage.SendkeysMethod" name="Validate_URl" time="0.000">
    <skipped/>
  </testcase> <!-- Validate_URl -->
  <system-out/>
  <testcase classname="Web.testpage.SendkeysMethod" name="Validate_Text" time="0.000">
    <skipped/>
  </testcase> <!-- Validate_Text -->
  <system-out/>
  <testcase classname="Web.testpage.SendkeysMethod" name="Validate_username_nagetiveone" time="0.000">
    <skipped/>
  </testcase> <!-- Validate_username_nagetiveone -->
  <system-out/>
  <testcase classname="Web.testpage.SendkeysMethod" name="Validate_username_nagetivetwo" time="0.000">
    <skipped/>
  </testcase> <!-- Validate_username_nagetivetwo -->
  <system-out/>
  <testcase classname="Web.testpage.SendkeysMethod" name="Validate_username_nagetivethree" time="0.000">
    <skipped/>
  </testcase> <!-- Validate_username_nagetivethree -->
  <system-out/>
  <testcase classname="Web.testpage.SendkeysMethod" name="Validate_username_Valid" time="0.000">
    <skipped/>
  </testcase> <!-- Validate_username_Valid -->
  <system-out/>
</testsuite> <!-- Web.testpage.SendkeysMethod -->
